<?xml version="1.0" encoding="UTF-8"?>
<!-- Generated by org.testng.reporters.JUnitXMLReporter -->
<testsuite hostname="LAPTOP-GO0JH4O6" ignored="0" name="Single one" tests="3" failures="0" timestamp="2022-08-02T15:36:12 IST" time="127.048" errors="0">
  <testcase name="@AfterMethod addToCart" time="53.905" classname="springtek.kid.pkg.KidsTest">
    <failure type="org.openqa.selenium.ElementNotInteractableException" message="Element &amp;lt;input id=&amp;quot;txtlname&amp;quot; class=&amp;quot;form-control frminput onlyalphawithspace&amp;quot; name=&amp;quot;txtlname&amp;quot; type=&amp;quot;text&amp;quot;&amp;gt; could not be scrolled into view
Build info: version: &amp;apos;4.2.2&amp;apos;, revision: &amp;apos;683ccb65d6&amp;apos;
System info: host: &amp;apos;LAPTOP-GO0JH4O6&amp;apos;, ip: &amp;apos;169.254.105.117&amp;apos;, os.name: &amp;apos;Windows 10&amp;apos;, os.arch: &amp;apos;amd64&amp;apos;, os.version: &amp;apos;10.0&amp;apos;, java.version: &amp;apos;1.8.0_311&amp;apos;
Driver info: org.openqa.selenium.firefox.FirefoxDriver
Command: [2deb87d4-1948-43a2-9043-83b244f4d369, clearElement {id=89352edf-51f6-4537-b12b-615954007caa}]
Capabilities {acceptInsecureCerts: true, browserName: firefox, browserVersion: 103.0, moz:accessibilityChecks: false, moz:buildID: 20220718155818, moz:debuggerAddress: localhost:53232, moz:geckodriverVersion: 0.31.0, moz:headless: false, moz:platformVersion: 10.0, moz:processID: 2404, moz:profile: C:\Users\Lenovo\AppData\Loc..., moz:shutdownTimeout: 60000, moz:useNonSpecCompliantPointerOrigin: false, moz:webdriverClick: true, moz:windowless: false, pageLoadStrategy: normal, platformName: WINDOWS, proxy: Proxy(), se:cdp: ws://localhost:53232/devtoo..., se:cdpVersion: 85.0, setWindowRect: true, strictFileInteractability: false, timeouts: {implicit: 0, pageLoad: 300000, script: 30000}, unhandledPromptBehavior: dismiss and notify}
Element: [[FirefoxDriver: firefox on WINDOWS (2deb87d4-1948-43a2-9043-83b244f4d369)] -&amp;gt; id: txtlname]
Session ID: 2deb87d4-1948-43a2-9043-83b244f4d369">
      <![CDATA[org.openqa.selenium.ElementNotInteractableException: Element <input id="txtlname" class="form-control frminput onlyalphawithspace" name="txtlname" type="text"> could not be scrolled into view
Build info: version: '4.2.2', revision: '683ccb65d6'
System info: host: 'LAPTOP-GO0JH4O6', ip: '169.254.105.117', os.name: 'Windows 10', os.arch: 'amd64', os.version: '10.0', java.version: '1.8.0_311'
Driver info: org.openqa.selenium.firefox.FirefoxDriver
Command: [2deb87d4-1948-43a2-9043-83b244f4d369, clearElement {id=89352edf-51f6-4537-b12b-615954007caa}]
Capabilities {acceptInsecureCerts: true, browserName: firefox, browserVersion: 103.0, moz:accessibilityChecks: false, moz:buildID: 20220718155818, moz:debuggerAddress: localhost:53232, moz:geckodriverVersion: 0.31.0, moz:headless: false, moz:platformVersion: 10.0, moz:processID: 2404, moz:profile: C:\Users\Lenovo\AppData\Loc..., moz:shutdownTimeout: 60000, moz:useNonSpecCompliantPointerOrigin: false, moz:webdriverClick: true, moz:windowless: false, pageLoadStrategy: normal, platformName: WINDOWS, proxy: Proxy(), se:cdp: ws://localhost:53232/devtoo..., se:cdpVersion: 85.0, setWindowRect: true, strictFileInteractability: false, timeouts: {implicit: 0, pageLoad: 300000, script: 30000}, unhandledPromptBehavior: dismiss and notify}
Element: [[FirefoxDriver: firefox on WINDOWS (2deb87d4-1948-43a2-9043-83b244f4d369)] -> id: txtlname]
Session ID: 2deb87d4-1948-43a2-9043-83b244f4d369
at org.openqa.selenium.remote.codec.w3c.W3CHttpResponseCodec.createException(W3CHttpResponseCodec.java:200)
at org.openqa.selenium.remote.codec.w3c.W3CHttpResponseCodec.decode(W3CHttpResponseCodec.java:133)
at org.openqa.selenium.remote.codec.w3c.W3CHttpResponseCodec.decode(W3CHttpResponseCodec.java:53)
at org.openqa.selenium.remote.HttpCommandExecutor.execute(HttpCommandExecutor.java:184)
at org.openqa.selenium.remote.service.DriverCommandExecutor.invokeExecute(DriverCommandExecutor.java:167)
at org.openqa.selenium.remote.service.DriverCommandExecutor.execute(DriverCommandExecutor.java:142)
at org.openqa.selenium.remote.RemoteWebDriver.execute(RemoteWebDriver.java:588)
at org.openqa.selenium.remote.RemoteWebElement.execute(RemoteWebElement.java:257)
at org.openqa.selenium.remote.RemoteWebElement.clear(RemoteWebElement.java:132)
at spring.checkout.pkg.CheckoutPage.checkout(CheckoutPage.java:21)
at springtek.kid.pkg.KidsTest.addToCart(KidsTest.java:141)
at java.util.ArrayList.forEach(Unknown Source)
... Removed 36 stack frames]]>
    </failure>
  </testcase> <!-- @AfterMethod addToCart -->
  <testcase name="@BeforeMethod beforeM" time="-1.659434772625E9" classname="springtek.kid.pkg.KidsTest">
    <skipped/>
  </testcase> <!-- @BeforeMethod beforeM -->
  <testcase name="@AfterMethod addToCart" time="-1.659434772633E9" classname="springtek.kid.pkg.KidsTest">
    <skipped/>
  </testcase> <!-- @AfterMethod addToCart -->
  <testcase name="@BeforeMethod beforeM" time="-1.659434772634E9" classname="springtek.kid.pkg.KidsTest">
    <skipped/>
  </testcase> <!-- @BeforeMethod beforeM -->
  <testcase name="@AfterMethod addToCart" time="-1.659434772638E9" classname="springtek.kid.pkg.KidsTest">
    <skipped/>
  </testcase> <!-- @AfterMethod addToCart -->
  <testcase name="@AfterTest closeBrowser" time="-1.65943477264E9" classname="springtek.kid.pkg.KidsTest">
    <skipped/>
  </testcase> <!-- @AfterTest closeBrowser -->
  <testcase name="bookChairs" time="32.47" classname="springtek.kid.pkg.KidsTest"/>
  <testcase name="bookFoldChair" time="0.0" classname="springtek.kid.pkg.KidsTest">
    <skipped/>
  </testcase> <!-- bookFoldChair -->
  <testcase name="bookTv" time="0.0" classname="springtek.kid.pkg.KidsTest">
    <skipped/>
  </testcase> <!-- bookTv -->
</testsuite> <!-- Single one -->
